Lecture pour le groupe g2201
(4437) g2201  (attend 10 secondes)
---10---
Clic sur le bouton Vider
Clic sur le bouton Vider
Clic sur le bouton Vider
Clic sur le bouton Vider
Clic sur le bouton Vider
ic sur le bouton Quitter
Lecture pour le groupe g2202
(4588) g2202  (attend 6 secondes)
---6---
Clic sur le bouton Vider
Clic sur le bouton Vider
Clic sur le bouton Vider
Clic sur le bouton Vider
Clic sur le bouton Lancer Recherche
Lecture pour le groupe g2203
(4589) g2203  (attend 8 secondes)
---8---
Clic sur le bouton Vider
Clic sur le bouton Vider
Clic sur le bouton Vider
Clic sur le bouton Vider
Clic sur le bouton Vider
Clic sur le bouton Quitter
