Clic sur le bouton Quitter
(Traitement 14898) Connection a la BD
(Traitement 14898) Armement du signal SIGALRM
Clic sur le bouton Annuler1
(Traitement 14898) Reception du signal SIGALRM (14)
(Traitement 14898) Reception du signal SIGALRM (14)
Clic sur le bouton Annuler1
(Traitement 14898) Reception du signal SIGALRM (14)
Clic sur le bouton Annuler1
(Traitement 14898) Reception du signal SIGALRM (14)
(Traitement 14898) Reception du signal SIGALRM (14)
(Traitement 14898) Reception du signal SIGALRM (14)
(Traitement 14898) Reception du signal SIGALRM (14)
(Traitement 15003) Connection a la BD
(Traitement 15003) Armement du signal SIGALRM
(Traitement 15003) Reception du signal SIGALRM (14)
(Traitement 15003) Reception du signal SIGALRM (14)
Clic sur le bouton Annuler1
(Traitement 15078) Connection a la BD
(Traitement 15078) Armement du signal SIGALRM
(Traitement 15078) Reception du signal SIGALRM (14)
(Traitement 15078) Reception du signal SIGALRM (14)
(Traitement 15078) Reception du signal SIGALRM (14)
Clic sur le bouton Annuler1
(Traitement 15479) Connection a la BD
(Traitement 15479) Armement du signal SIGALRM
(Traitement 15479) Reception du signal SIGALRM (14)
(Traitement 15479) Reception du signal SIGALRM (14)
(Traitement 15479) Reception du signal SIGALRM (14)
(Traitement 15479) Reception du signal SIGALRM (14)
Clic sur le bouton Annuler1
Clic sur le bouton Quitter
(Traitement 15655) Connection a la BD
(Traitement 15655) Armement du signal SIGALRM
(Traitement 15655) Reception du signal SIGALRM (14)
Clic sur le bouton Annuler1
(Traitement 15792) Connection a la BD
(Traitement 15792) Armement du signal SIGALRM
(Traitement 15792) Reception du signal SIGALRM (14)
(Traitement 15792) Reception du signal SIGALRM (14)
(Traitement 15792) Reception du signal SIGALRM (14)
(Traitement 15792) Reception du signal SIGALRM (14)
Clic sur le bouton Annuler1
(Traitement 16771) Connection a la BD
(Traitement 16771) Armement du signal SIGALRM
(Traitement 16771) Reception du signal SIGALRM (14)
(Traitement 16771) Reception du signal SIGALRM (14)
(Traitement 16771) Reception du signal SIGALRM (14)
Clic sur le bouton Annuler1
Clic sur le bouton Quitter
(Traitement 16878) Connection a la BD
(Traitement 16879) Connection a la BD
(Traitement 16877) Connection a la BD
(Traitement 16878) Armement du signal SIGALRM
(Traitement 16879) Armement du signal SIGALRM
(Traitement 16877) Armement du signal SIGALRM
(Traitement 16878) Reception du signal SIGALRM (14)
(Traitement 16879) Reception du signal SIGALRM (14)
(Traitement 16877) Reception du signal SIGALRM (14)
(Traitement 16878) Reception du signal SIGALRM (14)
(Traitement 16879) Reception du signal SIGALRM (14)
(Traitement 16877) Reception du signal SIGALRM (14)
(Traitement 16878) Reception du signal SIGALRM (14)
(Traitement 16879) Reception du signal SIGALRM (14)
(Traitement 16877) Reception du signal SIGALRM (14)
Clic sur le bouton Annuler3
(Traitement 16878) Reception du signal SIGALRM (14)
(Traitement 16877) Reception du signal SIGALRM (14)
(Traitement 16878) Reception du signal SIGALRM (14)
(Traitement 16877) Reception du signal SIGALRM (14)
Clic sur le bouton Annuler2
(Traitement 16877) Reception du signal SIGALRM (14)
(Traitement 16877) Reception du signal SIGALRM (14)
(Traitement 16877) Reception du signal SIGALRM (14)
(Traitement 16877) Reception du signal SIGALRM (14)
(Traitement 16877) Reception du signal SIGALRM (14)
(Traitement 16877) Reception du signal SIGALRM (14)
(Traitement 16991) Connection a la BD
(Traitement 16990) Connection a la BD
(Traitement 16992) Connection a la BD
(Traitement 16991) Armement du signal SIGALRM
(Traitement 16990) Armement du signal SIGALRM
(Traitement 16992) Armement du signal SIGALRM
(Traitement 16991) Reception du signal SIGALRM (14)
(Traitement 16990) Reception du signal SIGALRM (14)
(Traitement 16992) Reception du signal SIGALRM (14)
(Traitement 16991) Reception du signal SIGALRM (14)
(Traitement 16990) Reception du signal SIGALRM (14)
(Traitement 16992) Reception du signal SIGALRM (14)
Clic sur le bouton Annuler2
(Traitement 16984) Reception du signal SIGALRM (17)
(Traitement 16990) Reception du signal SIGALRM (14)
(Traitement 16992) Reception du signal SIGALRM (14)
Clic sur le bouton Annuler1
(Traitement 16984) Reception du signal SIGALRM (17)
(Traitement 16992) Reception du signal SIGALRM (14)
Clic sur le bouton Annuler3
(Traitement 16984) Reception du signal SIGALRM (17)
